C:\USERS\DENNIS\DOCUMENTS\GITHUB\MODULE5\LIBSSH2-1.4.3\WIN32\DEBUG_LIB\COMP.OBJ
C:\USERS\DENNIS\DOCUMENTS\GITHUB\MODULE5\LIBSSH2-1.4.3\WIN32\DEBUG_LIB\CRYPT.OBJ
C:\USERS\DENNIS\DOCUMENTS\GITHUB\MODULE5\LIBSSH2-1.4.3\WIN32\DEBUG_LIB\GLOBAL.OBJ
C:\USERS\DENNIS\DOCUMENTS\GITHUB\MODULE5\LIBSSH2-1.4.3\WIN32\DEBUG_LIB\HOSTKEY.OBJ
C:\USERS\DENNIS\DOCUMENTS\GITHUB\MODULE5\LIBSSH2-1.4.3\WIN32\DEBUG_LIB\KEEPALIVE.OBJ
C:\USERS\DENNIS\DOCUMENTS\GITHUB\MODULE5\LIBSSH2-1.4.3\WIN32\DEBUG_LIB\KEX.OBJ
C:\USERS\DENNIS\DOCUMENTS\GITHUB\MODULE5\LIBSSH2-1.4.3\WIN32\DEBUG_LIB\KNOWNHOST.OBJ
C:\USERS\DENNIS\DOCUMENTS\GITHUB\MODULE5\LIBSSH2-1.4.3\WIN32\DEBUG_LIB\LIBGCRYPT.OBJ
C:\USERS\DENNIS\DOCUMENTS\GITHUB\MODULE5\LIBSSH2-1.4.3\WIN32\DEBUG_LIB\MAC.OBJ
C:\USERS\DENNIS\DOCUMENTS\GITHUB\MODULE5\LIBSSH2-1.4.3\WIN32\DEBUG_LIB\MISC.OBJ
C:\USERS\DENNIS\DOCUMENTS\GITHUB\MODULE5\LIBSSH2-1.4.3\WIN32\DEBUG_LIB\OPENSSL.OBJ
C:\USERS\DENNIS\DOCUMENTS\GITHUB\MODULE5\LIBSSH2-1.4.3\WIN32\DEBUG_LIB\PACKET.OBJ
C:\USERS\DENNIS\DOCUMENTS\GITHUB\MODULE5\LIBSSH2-1.4.3\WIN32\DEBUG_LIB\PEM.OBJ
C:\USERS\DENNIS\DOCUMENTS\GITHUB\MODULE5\LIBSSH2-1.4.3\WIN32\DEBUG_LIB\PUBLICKEY.OBJ
C:\USERS\DENNIS\DOCUMENTS\GITHUB\MODULE5\LIBSSH2-1.4.3\WIN32\DEBUG_LIB\SCP.OBJ
C:\USERS\DENNIS\DOCUMENTS\GITHUB\MODULE5\LIBSSH2-1.4.3\WIN32\DEBUG_LIB\SESSION.OBJ
C:\USERS\DENNIS\DOCUMENTS\GITHUB\MODULE5\LIBSSH2-1.4.3\WIN32\DEBUG_LIB\SFTP.OBJ
C:\USERS\DENNIS\DOCUMENTS\GITHUB\MODULE5\LIBSSH2-1.4.3\WIN32\DEBUG_LIB\TRANSPORT.OBJ
C:\USERS\DENNIS\DOCUMENTS\GITHUB\MODULE5\LIBSSH2-1.4.3\WIN32\DEBUG_LIB\USERAUTH.OBJ
C:\USERS\DENNIS\DOCUMENTS\GITHUB\MODULE5\LIBSSH2-1.4.3\WIN32\DEBUG_LIB\VERSION.OBJ
C:\USERS\DENNIS\DOCUMENTS\GITHUB\MODULE5\LIBSSH2-1.4.3\WIN32\DEBUG_LIB\AGENT.OBJ
C:\USERS\DENNIS\DOCUMENTS\GITHUB\MODULE5\LIBSSH2-1.4.3\WIN32\DEBUG_LIB\CHANNEL.OBJ
C:\USERS\DENNIS\DOCUMENTS\GITHUB\MODULE5\LIBSSH2-1.4.3\WIN32\DEBUG_LIB\VC110.PDB
C:\USERS\DENNIS\DOCUMENTS\GITHUB\MODULE5\LIBSSH2-1.4.3\WIN32\DEBUG_LIB\LIBSSH2D.LIB
C:\Users\Dennis\Documents\GitHub\Module5\libssh2-1.4.3\win32\Debug_lib\agent.obj
C:\Users\Dennis\Documents\GitHub\Module5\libssh2-1.4.3\win32\Debug_lib\channel.obj
C:\Users\Dennis\Documents\GitHub\Module5\libssh2-1.4.3\win32\Debug_lib\comp.obj
C:\Users\Dennis\Documents\GitHub\Module5\libssh2-1.4.3\win32\Debug_lib\crypt.obj
C:\Users\Dennis\Documents\GitHub\Module5\libssh2-1.4.3\win32\Debug_lib\global.obj
C:\Users\Dennis\Documents\GitHub\Module5\libssh2-1.4.3\win32\Debug_lib\hostkey.obj
C:\Users\Dennis\Documents\GitHub\Module5\libssh2-1.4.3\win32\Debug_lib\keepalive.obj
C:\Users\Dennis\Documents\GitHub\Module5\libssh2-1.4.3\win32\Debug_lib\kex.obj
C:\Users\Dennis\Documents\GitHub\Module5\libssh2-1.4.3\win32\Debug_lib\knownhost.obj
C:\Users\Dennis\Documents\GitHub\Module5\libssh2-1.4.3\win32\Debug_lib\libgcrypt.obj
C:\Users\Dennis\Documents\GitHub\Module5\libssh2-1.4.3\win32\Debug_lib\mac.obj
C:\Users\Dennis\Documents\GitHub\Module5\libssh2-1.4.3\win32\Debug_lib\misc.obj
C:\Users\Dennis\Documents\GitHub\Module5\libssh2-1.4.3\win32\Debug_lib\openssl.obj
C:\Users\Dennis\Documents\GitHub\Module5\libssh2-1.4.3\win32\Debug_lib\packet.obj
C:\Users\Dennis\Documents\GitHub\Module5\libssh2-1.4.3\win32\Debug_lib\pem.obj
C:\Users\Dennis\Documents\GitHub\Module5\libssh2-1.4.3\win32\Debug_lib\publickey.obj
C:\Users\Dennis\Documents\GitHub\Module5\libssh2-1.4.3\win32\Debug_lib\scp.obj
C:\Users\Dennis\Documents\GitHub\Module5\libssh2-1.4.3\win32\Debug_lib\session.obj
C:\Users\Dennis\Documents\GitHub\Module5\libssh2-1.4.3\win32\Debug_lib\sftp.obj
C:\Users\Dennis\Documents\GitHub\Module5\libssh2-1.4.3\win32\Debug_lib\transport.obj
C:\Users\Dennis\Documents\GitHub\Module5\libssh2-1.4.3\win32\Debug_lib\userauth.obj
C:\Users\Dennis\Documents\GitHub\Module5\libssh2-1.4.3\win32\Debug_lib\version.obj
C:\Users\Dennis\Documents\GitHub\Module5\libssh2-1.4.3\win32\Debug_lib\cl.command.1.tlog
C:\Users\Dennis\Documents\GitHub\Module5\libssh2-1.4.3\win32\Debug_lib\CL.read.1.tlog
C:\Users\Dennis\Documents\GitHub\Module5\libssh2-1.4.3\win32\Debug_lib\CL.write.1.tlog
C:\Users\Dennis\Documents\GitHub\Module5\libssh2-1.4.3\win32\Debug_lib\Lib-link.read.1.tlog
C:\Users\Dennis\Documents\GitHub\Module5\libssh2-1.4.3\win32\Debug_lib\Lib-link.write.1.tlog
C:\Users\Dennis\Documents\GitHub\Module5\libssh2-1.4.3\win32\Debug_lib\lib.command.1.tlog
C:\Users\Dennis\Documents\GitHub\Module5\libssh2-1.4.3\win32\Debug_lib\vc110.idb
C:\Users\Dennis\Documents\GitHub\Module5\libssh2-1.4.3\win32\Debug_lib\vc110.pdb
